[2021.03.08 at 05:09:26 1 admin ADMIN]
[2021.03.08 at 21:12:53 1 oianshek ADMIN]
[2021.03.08 at 21:19:23 1 oianshek ADMIN]
[2021.03.08 at 21:19:54 1 oianshek ADMIN]
[2021.03.08 at 21:25:55 1 oianshek ADMIN]
[2021.03.08 at 21:28:53 3 user USER]
[2021.03.08 at 21:33:25 1 oianshek ADMIN]
[2021.03.08 at 21:38:55 1 oianshek ADMIN]
[2021.03.08 at 21:41:07 1 oianshek ADMIN]
[2021.03.08 at 21:42:41 4 Ibrahimovic USER]
[2021.03.08 at 21:43:01 1 oianshek ADMIN]
[2021.03.08 at 21:47:21 1 oianshek ADMIN]
[2021.03.08 at 21:48:48 1 oianshek ADMIN]
[2021.03.08 at 21:55:11 1 oianshek ADMIN]
[2021.03.08 at 22:05:34 1 oianshek ADMIN]
[2021.03.08 at 22:06:13 1 oianshek ADMIN]
[2021.03.08 at 22:07:39 1 oianshek ADMIN]
[2021.03.08 at 22:08:25 1 oianshek ADMIN]
[2021.03.08 at 22:18:27 1 oianshek ADMIN]
[2021.03.08 at 22:33:00 1 oianshek ADMIN]
[2021.03.08 at 22:36:22 1 oianshek ADMIN]
[2021.03.08 at 22:37:18 1 oianshek ADMIN]
[2021.03.08 at 22:37:46 1 oianshek ADMIN]
[2021.03.08 at 22:38:40 1 oianshek ADMIN]
[2021.03.08 at 23:15:30 1 oianshek ADMIN]
[2021.03.08 at 23:16:18 1 oianshek ADMIN]
[2021.03.08 at 23:16:58 1 oianshek ADMIN]
[2021.03.08 at 23:17:48 1 oianshek ADMIN]
[2021.03.08 at 23:18:24 1 oianshek ADMIN]
[2021.03.08 at 23:19:10 1 oianshek ADMIN]
[2021.03.08 at 23:33:44 1 oianshek ADMIN]
[2021.03.08 at 23:34:04 1 oianshek ADMIN]
[2021.03.09 at 00:02:58 1 oianshek ADMIN]
[2021.03.09 at 00:41:46 1 oianshek ADMIN]
[2021.03.09 at 00:43:04 1 oianshek ADMIN]
[2021.03.09 at 00:44:03 1 oianshek ADMIN]
[2021.03.09 at 00:45:35 1 oianshek ADMIN]
[2021.03.09 at 00:49:24 1 oianshek ADMIN]
[2021.03.09 at 01:18:05 1 oianshek ADMIN]
[2021.03.09 at 01:19:19 1 oianshek ADMIN]
[2021.03.09 at 01:20:20 1 oianshek ADMIN]
[2021.03.09 at 01:20:52 1 oianshek ADMIN]
[2021.03.09 at 01:22:33 1 oianshek ADMIN]
[2021.03.09 at 01:23:00 1 oianshek ADMIN]
[2021.03.09 at 01:23:30 1 oianshek ADMIN]
[2021.03.09 at 01:24:07 1 oianshek ADMIN]
[2021.03.09 at 01:24:38 1 oianshek ADMIN]
[2021.03.09 at 01:25:46 1 oianshek ADMIN]
[2021.03.09 at 01:27:23 1 oianshek ADMIN]
[2021.03.09 at 01:27:47 1 oianshek ADMIN]
[2021.03.09 at 01:28:53 1 oianshek ADMIN]
[2021.03.09 at 01:29:34 1 oianshek ADMIN]
[2021.03.09 at 01:30:00 1 oianshek ADMIN]
[2021.03.09 at 01:30:25 1 oianshek ADMIN]
[2021.03.09 at 01:31:15 1 oianshek ADMIN]
[2021.03.09 at 01:32:04 1 oianshek ADMIN]
[2021.03.09 at 01:32:56 1 oianshek ADMIN]
[2021.03.09 at 01:33:58 1 oianshek ADMIN]
[2021.03.09 at 01:35:23 1 oianshek ADMIN]
[2021.03.09 at 01:36:23 1 oianshek ADMIN]
[2021.03.09 at 01:37:21 1 oianshek ADMIN]
[2021.03.09 at 01:37:56 1 oianshek ADMIN]
[2021.03.09 at 01:38:51 1 oianshek ADMIN]
[2021.03.09 at 01:40:09 1 oianshek ADMIN]
[2021.03.09 at 01:45:35 1 oianshek ADMIN]
[2021.03.09 at 01:48:33 3 user USER]
[2021.03.09 at 01:51:24 3 user USER]
[2021.03.09 at 01:53:51 3 user USER]
[2021.03.09 at 02:08:59 1 oianshek ADMIN]
[2021.03.09 at 02:11:58 1 oianshek null]
[2021.03.09 at 02:12:31 1 oianshek null]
[2021.03.09 at 02:14:08 1 oianshek ADMIN]
[2021.03.09 at 02:16:13 1 oianshek ADMIN]
[2021.03.09 at 02:17:48 3 user USER]
[2021.03.09 at 02:18:37 1 oianshek ADMIN]
[2021.03.09 at 02:23:40 5 danana USER]
[2021.03.09 at 02:26:39 5 danana USER]
[2021.03.09 at 02:29:09 5 danana USER]
[2021.03.09 at 02:29:32 1 oianshek ADMIN]
[2021.03.09 at 02:29:44 3 user USER]
[2021.03.09 at 02:32:34 1 oianshek ADMIN]
[2021.03.09 at 02:40:43 1 oianshek ADMIN]
[2021.03.09 at 02:41:29 1 oianshek ADMIN]
[2021.06.14 at 14:30:12 2 elon ADMIN]
[2021.06.15 at 13:10:28 2 elon ADMIN]
